<?xml version="1.0" encoding="UTF-8"?>
<testng-results ignored="0" total="1" passed="1" failed="0" skipped="0">
  <reporter-output>
  </reporter-output>
  <suite started-at="2023-02-25T20:51:45 IST" name="Default suite" finished-at="2023-02-25T20:52:07 IST" duration-ms="22222">
    <groups>
    </groups>
    <test started-at="2023-02-25T20:51:45 IST" name="Default test" finished-at="2023-02-25T20:52:07 IST" duration-ms="22222">
      <class name="com.store.testlayer.LoginPageTest">
        <test-method is-config="true" signature="setUp()[pri:0, instance:com.store.testlayer.LoginPageTest@3e92efc3]" started-at="2023-02-25T20:51:45 IST" name="setUp" finished-at="2023-02-25T20:52:04 IST" duration-ms="19235" status="PASS">
          <reporter-output>
          </reporter-output>
        </test-method> <!-- setUp -->
        <test-method signature="storeUserLoginUsingValidCredential()[pri:0, instance:com.store.testlayer.LoginPageTest@3e92efc3]" started-at="2023-02-25T20:52:04 IST" name="storeUserLoginUsingValidCredential" finished-at="2023-02-25T20:52:07 IST" duration-ms="2649" status="PASS">
          <reporter-output>
          </reporter-output>
        </test-method> <!-- storeUserLoginUsingValidCredential -->
        <test-method is-config="true" signature="tearDown()[pri:0, instance:com.store.testlayer.LoginPageTest@3e92efc3]" started-at="2023-02-25T20:52:07 IST" name="tearDown" finished-at="2023-02-25T20:52:07 IST" duration-ms="270" status="PASS">
          <reporter-output>
          </reporter-output>
        </test-method> <!-- tearDown -->
      </class> <!-- com.store.testlayer.LoginPageTest -->
    </test> <!-- Default test -->
  </suite> <!-- Default suite -->
</testng-results>
